<?xml version="1.0" encoding="UTF-8"?>
<testsuite xmlns:xsi="http://www.w3.org/2001/XMLSchema-instance" xsi:noNamespaceSchemaLocation="https://maven.apache.org/surefire/maven-failsafe-plugin/xsd/failsafe-test-report-3.0.xsd" version="3.0" name="EMPTY_NAME" time="14.667" tests="4" errors="0" skipped="0" failures="0">
  <properties>
[...]
</properties>
  <testcase name="Third" classname="EMPTY_NAME" time="12.635"/>
  <testcase name="First" classname="EMPTY_NAME" time="12.431"/>
  <testcase name="Second" classname="EMPTY_NAME" time="11.201"/>
  <testcase name="First Again" classname="EMPTY_NAME" time="2.233"/>
</testsuite>